MSP430 Assembler PC v4.3.1 Wed Oct 01 17:43:57 2014

Tools Copyright (c) 2003-2014 Texas Instruments Incorporated
C:\Users\x0135533\AppData\Local\Temp\0762010                         PAGE    1

       1            ;******************************************************************************
       2            ;* MSP430 C/C++ Codegen                                             PC v4.3.1 *
       3            ;* Date/Time created: Wed Oct 01 17:43:57 2014                                *
       4            ;******************************************************************************
       5                    .compiler_opts --abi=coffabi --hll_source=on --mem_model:code=large --mem_model:data=small --o
       6            
       7            $C$DW$CU        .dwtag  DW_TAG_compile_unit
       8                    .dwattr $C$DW$CU, DW_AT_name("C:/ti/CC3000 SDK/MSP430FR5739/Basic WiFi Application/Basic WiFi 
       9                    .dwattr $C$DW$CU, DW_AT_producer("TI MSP430 C/C++ Codegen PC v4.3.1 Copyright (c) 2003-2014 Te
      10                    .dwattr $C$DW$CU, DW_AT_TI_version(0x01)
      11                    .dwattr $C$DW$CU, DW_AT_comp_dir("C:\ti\CC3000 SDK\MSP430FR5739\Basic WiFi Application\Basic W
      12            ;       c:\ti\ccsv6\tools\compiler\msp430_4.3.1\bin\opt430.exe C:\\Users\\x0135533\\AppData\\Local\\Te
      13 000000               .sect   ".text:__error__"
      14                    .align  2
      15                    .clink
      16                    .global __error__
      17            
      18            $C$DW$1 .dwtag  DW_TAG_subprogram, DW_AT_name("__error__")
      19                    .dwattr $C$DW$1, DW_AT_low_pc(__error__)
      20                    .dwattr $C$DW$1, DW_AT_high_pc(0x00)
      21                    .dwattr $C$DW$1, DW_AT_TI_symbol_name("__error__")
      22                    .dwattr $C$DW$1, DW_AT_external
      23                    .dwattr $C$DW$1, DW_AT_TI_begin_file("C:/ti/CC3000 SDK/MSP430FR5739/Basic WiFi Application/Bas
      24                    .dwattr $C$DW$1, DW_AT_TI_begin_line(0x3f)
      25                    .dwattr $C$DW$1, DW_AT_TI_begin_column(0x06)
      26                    .dwattr $C$DW$1, DW_AT_TI_max_frame_size(0x04)
      27                    .dwpsn  file "C:/ti/CC3000 SDK/MSP430FR5739/Basic WiFi Application/Basic WiFi Source/Source/CC
      28            
      29                    .dwfde $C$DW$CIE, __error__
      30            $C$DW$2 .dwtag  DW_TAG_formal_parameter, DW_AT_name("pcFilename")
      31                    .dwattr $C$DW$2, DW_AT_TI_symbol_name("pcFilename")
      32                    .dwattr $C$DW$2, DW_AT_type(*$C$DW$T$21)
      33                    .dwattr $C$DW$2, DW_AT_location[DW_OP_reg12]
      34            $C$DW$3 .dwtag  DW_TAG_formal_parameter, DW_AT_name("ulLine")
      35                    .dwattr $C$DW$3, DW_AT_TI_symbol_name("ulLine")
      36                    .dwattr $C$DW$3, DW_AT_type(*$C$DW$T$22)
      37                    .dwattr $C$DW$3, DW_AT_location[DW_OP_reg13 DW_OP_piece 2 DW_OP_reg14 DW_OP_piece 2]
      38            
      39            ;*****************************************************************************
      40            ;* FUNCTION NAME: __error__                                                  *
      41            ;*                                                                           *
      42            ;*   Regs Modified     : SP                                                  *
      43            ;*   Regs Used         : SP                                                  *
      44            ;*   Local Frame Size  : 0 Args + 0 Auto + 0 Save = 0 byte                   *
      45            ;*****************************************************************************
      46 000000       __error__:
      47            ;* --------------------------------------------------------------------------*
      48                    .dwcfi  cfa_offset, 4
      49                    .dwcfi  save_reg_to_mem, 16, -4
      50            $C$DW$4 .dwtag  DW_TAG_TI_branch
      51                    .dwattr $C$DW$4, DW_AT_low_pc(0x00)
      52                    .dwattr $C$DW$4, DW_AT_TI_return
      53 000000 0110          RETA      ; [] 
      54                    ; [] 
      55                    .dwattr $C$DW$1, DW_AT_TI_end_file("C:/ti/CC3000 SDK/MSP430FR5739/Basic WiFi Application/Basic
MSP430 Assembler PC v4.3.1 Wed Oct 01 17:43:57 2014

Tools Copyright (c) 2003-2014 Texas Instruments Incorporated
C:\Users\x0135533\AppData\Local\Temp\0762010                         PAGE    2

      56                    .dwattr $C$DW$1, DW_AT_TI_end_line(0x42)
      57                    .dwattr $C$DW$1, DW_AT_TI_end_column(0x01)
      58                    .dwendentry
      59                    .dwendtag $C$DW$1
      60            
      61 000000               .sect   ".text:UINT32_TO_STREAM_f"
      62                    .align  2
      63                    .clink
      64                    .global UINT32_TO_STREAM_f
      65            
      66            $C$DW$5 .dwtag  DW_TAG_subprogram, DW_AT_name("UINT32_TO_STREAM_f")
      67                    .dwattr $C$DW$5, DW_AT_low_pc(UINT32_TO_STREAM_f)
      68                    .dwattr $C$DW$5, DW_AT_high_pc(0x00)
      69                    .dwattr $C$DW$5, DW_AT_TI_symbol_name("UINT32_TO_STREAM_f")
      70                    .dwattr $C$DW$5, DW_AT_external
      71                    .dwattr $C$DW$5, DW_AT_type(*$C$DW$T$25)
      72                    .dwattr $C$DW$5, DW_AT_TI_begin_file("C:/ti/CC3000 SDK/MSP430FR5739/Basic WiFi Application/Bas
      73                    .dwattr $C$DW$5, DW_AT_TI_begin_line(0x54)
      74                    .dwattr $C$DW$5, DW_AT_TI_begin_column(0x08)
      75                    .dwattr $C$DW$5, DW_AT_TI_max_frame_size(0x04)
      76                    .dwpsn  file "C:/ti/CC3000 SDK/MSP430FR5739/Basic WiFi Application/Basic WiFi Source/Source/CC
      77            
      78                    .dwfde $C$DW$CIE, UINT32_TO_STREAM_f
      79            $C$DW$6 .dwtag  DW_TAG_formal_parameter, DW_AT_name("p")
      80                    .dwattr $C$DW$6, DW_AT_TI_symbol_name("p")
      81                    .dwattr $C$DW$6, DW_AT_type(*$C$DW$T$25)
      82                    .dwattr $C$DW$6, DW_AT_location[DW_OP_reg12]
      83            $C$DW$7 .dwtag  DW_TAG_formal_parameter, DW_AT_name("u32")
      84                    .dwattr $C$DW$7, DW_AT_TI_symbol_name("u32")
      85                    .dwattr $C$DW$7, DW_AT_type(*$C$DW$T$22)
      86                    .dwattr $C$DW$7, DW_AT_location[DW_OP_reg13 DW_OP_piece 2 DW_OP_reg14 DW_OP_piece 2]
      87            
      88            ;*****************************************************************************
      89            ;* FUNCTION NAME: UINT32_TO_STREAM_f                                         *
      90            ;*                                                                           *
      91            ;*   Regs Modified     : SP,SR,r12,r13,r14,r15                               *
      92            ;*   Regs Used         : SP,SR,r12,r13,r14,r15                               *
      93            ;*   Local Frame Size  : 0 Args + 0 Auto + 0 Save = 0 byte                   *
      94            ;*****************************************************************************
      95            UINT32_TO_STREAM_f:
      96            ;* --------------------------------------------------------------------------*
      97            ;* r15   assigned to p
      98            $C$DW$8 .dwtag  DW_TAG_variable, DW_AT_name("p")
      99                    .dwattr $C$DW$8, DW_AT_TI_symbol_name("p")
     100                    .dwattr $C$DW$8, DW_AT_type(*$C$DW$T$25)
     101                    .dwattr $C$DW$8, DW_AT_location[DW_OP_reg15]
     102            ;* r12   assigned to u32
     103            $C$DW$9 .dwtag  DW_TAG_variable, DW_AT_name("u32")
     104                    .dwattr $C$DW$9, DW_AT_TI_symbol_name("u32")
     105                    .dwattr $C$DW$9, DW_AT_type(*$C$DW$T$37)
     106                    .dwattr $C$DW$9, DW_AT_location[DW_OP_reg12 DW_OP_piece 2 DW_OP_reg14 DW_OP_piece 2]
     107                    .dwcfi  cfa_offset, 4
     108                    .dwcfi  save_reg_to_mem, 16, -4
     109 000000 0CCF          MOVA      r12,r15               ; [] |85| 
     110 000002 0DCC          MOVA      r13,r12               ; [] |85| 
MSP430 Assembler PC v4.3.1 Wed Oct 01 17:43:57 2014

Tools Copyright (c) 2003-2014 Texas Instruments Incorporated
C:\Users\x0135533\AppData\Local\Temp\0762010                         PAGE    3

     111                    .dwpsn  file "C:/ti/CC3000 SDK/MSP430FR5739/Basic WiFi Application/Basic WiFi Source/Source/CC
     112 000004 531F          ADD.W     #1,r15                ; [] |86| 
     113 000006 4CCF          MOV.B     r12,-1(r15)           ; [] |86| 
         000008 FFFF 
     114                    .dwpsn  file "C:/ti/CC3000 SDK/MSP430FR5739/Basic WiFi Application/Basic WiFi Source/Source/CC
     115 00000a 0ECD          MOVA      r14,r13               ; [] |87| 
     116            $C$DW$10        .dwtag  DW_TAG_TI_branch
     117                    .dwattr $C$DW$10, DW_AT_low_pc(0x00)
     118                    .dwattr $C$DW$10, DW_AT_name("L_LSR_8")
     119                    .dwattr $C$DW$10, DW_AT_TI_call
     120 00000c 13B0!         CALLA     #L_LSR_8              ; [] |87| 
         00000e 0000 
     121                                                      ; [] |87| 
     122 000010 531F          ADD.W     #1,r15                ; [] |87| 
     123 000012 4CCF          MOV.B     r12,-1(r15)           ; [] |87| 
         000014 FFFF 
     124                    .dwpsn  file "C:/ti/CC3000 SDK/MSP430FR5739/Basic WiFi Application/Basic WiFi Source/Source/CC
     125 000016 531F          ADD.W     #1,r15                ; [] |88| 
     126 000018 4ECF          MOV.B     r14,-1(r15)           ; [] |88| 
         00001a FFFF 
     127                    .dwpsn  file "C:/ti/CC3000 SDK/MSP430FR5739/Basic WiFi Application/Basic WiFi Source/Source/CC
     128 00001c 108E          SWPB      r14                   ; [] |89| 
     129 00001e 4E4E          MOV.B     r14,r14               ; [] |89| 
     130 000020 531F          ADD.W     #1,r15                ; [] |89| 
     131 000022 4ECF          MOV.B     r14,-1(r15)           ; [] |89| 
         000024 FFFF 
     132                    .dwpsn  file "C:/ti/CC3000 SDK/MSP430FR5739/Basic WiFi Application/Basic WiFi Source/Source/CC
     133 000026 0FCC          MOVA      r15,r12               ; [] |90| 
     134            $C$DW$11        .dwtag  DW_TAG_TI_branch
     135                    .dwattr $C$DW$11, DW_AT_low_pc(0x00)
     136                    .dwattr $C$DW$11, DW_AT_TI_return
     137 000028 0110          RETA      ; [] 
     138                    ; [] 
     139                    .dwattr $C$DW$5, DW_AT_TI_end_file("C:/ti/CC3000 SDK/MSP430FR5739/Basic WiFi Application/Basic
     140                    .dwattr $C$DW$5, DW_AT_TI_end_line(0x5b)
     141                    .dwattr $C$DW$5, DW_AT_TI_end_column(0x01)
     142                    .dwendentry
     143                    .dwendtag $C$DW$5
     144            
     145 000000               .sect   ".text:UINT16_TO_STREAM_f"
     146                    .align  2
     147                    .clink
     148                    .global UINT16_TO_STREAM_f
     149            
     150            $C$DW$12        .dwtag  DW_TAG_subprogram, DW_AT_name("UINT16_TO_STREAM_f")
     151                    .dwattr $C$DW$12, DW_AT_low_pc(UINT16_TO_STREAM_f)
     152                    .dwattr $C$DW$12, DW_AT_high_pc(0x00)
     153                    .dwattr $C$DW$12, DW_AT_TI_symbol_name("UINT16_TO_STREAM_f")
     154                    .dwattr $C$DW$12, DW_AT_external
     155                    .dwattr $C$DW$12, DW_AT_type(*$C$DW$T$25)
     156                    .dwattr $C$DW$12, DW_AT_TI_begin_file("C:/ti/CC3000 SDK/MSP430FR5739/Basic WiFi Application/Ba
     157                    .dwattr $C$DW$12, DW_AT_TI_begin_line(0x6b)
     158                    .dwattr $C$DW$12, DW_AT_TI_begin_column(0x08)
     159                    .dwattr $C$DW$12, DW_AT_TI_max_frame_size(0x04)
     160                    .dwpsn  file "C:/ti/CC3000 SDK/MSP430FR5739/Basic WiFi Application/Basic WiFi Source/Source/CC
MSP430 Assembler PC v4.3.1 Wed Oct 01 17:43:57 2014

Tools Copyright (c) 2003-2014 Texas Instruments Incorporated
C:\Users\x0135533\AppData\Local\Temp\0762010                         PAGE    4

     161            
     162                    .dwfde $C$DW$CIE, UINT16_TO_STREAM_f
     163            $C$DW$13        .dwtag  DW_TAG_formal_parameter, DW_AT_name("p")
     164                    .dwattr $C$DW$13, DW_AT_TI_symbol_name("p")
     165                    .dwattr $C$DW$13, DW_AT_type(*$C$DW$T$25)
     166                    .dwattr $C$DW$13, DW_AT_location[DW_OP_reg12]
     167            $C$DW$14        .dwtag  DW_TAG_formal_parameter, DW_AT_name("u16")
     168                    .dwattr $C$DW$14, DW_AT_TI_symbol_name("u16")
     169                    .dwattr $C$DW$14, DW_AT_type(*$C$DW$T$27)
     170                    .dwattr $C$DW$14, DW_AT_location[DW_OP_reg13]
     171            
     172            ;*****************************************************************************
     173            ;* FUNCTION NAME: UINT16_TO_STREAM_f                                         *
     174            ;*                                                                           *
     175            ;*   Regs Modified     : SP,SR,r12,r13                                       *
     176            ;*   Regs Used         : SP,SR,r12,r13                                       *
     177            ;*   Local Frame Size  : 0 Args + 0 Auto + 0 Save = 0 byte                   *
     178            ;*****************************************************************************
     179            UINT16_TO_STREAM_f:
     180            ;* --------------------------------------------------------------------------*
     181            ;* r12   assigned to p
     182            $C$DW$15        .dwtag  DW_TAG_variable, DW_AT_name("p")
     183                    .dwattr $C$DW$15, DW_AT_TI_symbol_name("p")
     184                    .dwattr $C$DW$15, DW_AT_type(*$C$DW$T$25)
     185                    .dwattr $C$DW$15, DW_AT_location[DW_OP_reg12]
     186            ;* r13   assigned to u16
     187            $C$DW$16        .dwtag  DW_TAG_variable, DW_AT_name("u16")
     188                    .dwattr $C$DW$16, DW_AT_TI_symbol_name("u16")
     189                    .dwattr $C$DW$16, DW_AT_type(*$C$DW$T$33)
     190                    .dwattr $C$DW$16, DW_AT_location[DW_OP_reg13]
     191                    .dwcfi  cfa_offset, 4
     192                    .dwcfi  save_reg_to_mem, 16, -4
     193                    .dwpsn  file "C:/ti/CC3000 SDK/MSP430FR5739/Basic WiFi Application/Basic WiFi Source/Source/CC
     194 000000 531C          ADD.W     #1,r12                ; [] |109| 
     195 000002 4DCC          MOV.B     r13,-1(r12)           ; [] |109| 
         000004 FFFF 
     196                    .dwpsn  file "C:/ti/CC3000 SDK/MSP430FR5739/Basic WiFi Application/Basic WiFi Source/Source/CC
     197 000006 531C          ADD.W     #1,r12                ; [] |110| 
     198 000008 108D          SWPB      r13                   ; [] |110| 
     199 00000a 4DCC          MOV.B     r13,-1(r12)           ; [] |110| 
         00000c FFFF 
     200            $C$DW$17        .dwtag  DW_TAG_TI_branch
     201                    .dwattr $C$DW$17, DW_AT_low_pc(0x00)
     202                    .dwattr $C$DW$17, DW_AT_TI_return
     203 00000e 0110          RETA      ; [] 
     204                    ; [] 
     205                    .dwattr $C$DW$12, DW_AT_TI_end_file("C:/ti/CC3000 SDK/MSP430FR5739/Basic WiFi Application/Basi
     206                    .dwattr $C$DW$12, DW_AT_TI_end_line(0x70)
     207                    .dwattr $C$DW$12, DW_AT_TI_end_column(0x01)
     208                    .dwendentry
     209                    .dwendtag $C$DW$12
     210            
     211 000000               .sect   ".text:STREAM_TO_UINT32_f"
     212                    .align  2
     213                    .clink
MSP430 Assembler PC v4.3.1 Wed Oct 01 17:43:57 2014

Tools Copyright (c) 2003-2014 Texas Instruments Incorporated
C:\Users\x0135533\AppData\Local\Temp\0762010                         PAGE    5

     214                    .global STREAM_TO_UINT32_f
     215            
     216            $C$DW$18        .dwtag  DW_TAG_subprogram, DW_AT_name("STREAM_TO_UINT32_f")
     217                    .dwattr $C$DW$18, DW_AT_low_pc(STREAM_TO_UINT32_f)
     218                    .dwattr $C$DW$18, DW_AT_high_pc(0x00)
     219                    .dwattr $C$DW$18, DW_AT_TI_symbol_name("STREAM_TO_UINT32_f")
     220                    .dwattr $C$DW$18, DW_AT_external
     221                    .dwattr $C$DW$18, DW_AT_type(*$C$DW$T$22)
     222                    .dwattr $C$DW$18, DW_AT_TI_begin_file("C:/ti/CC3000 SDK/MSP430FR5739/Basic WiFi Application/Ba
     223                    .dwattr $C$DW$18, DW_AT_TI_begin_line(0x94)
     224                    .dwattr $C$DW$18, DW_AT_TI_begin_column(0x08)
     225                    .dwattr $C$DW$18, DW_AT_TI_max_frame_size(0x04)
     226                    .dwpsn  file "C:/ti/CC3000 SDK/MSP430FR5739/Basic WiFi Application/Basic WiFi Source/Source/CC
     227            
     228                    .dwfde $C$DW$CIE, STREAM_TO_UINT32_f
     229            $C$DW$19        .dwtag  DW_TAG_formal_parameter, DW_AT_name("p")
     230                    .dwattr $C$DW$19, DW_AT_TI_symbol_name("p")
     231                    .dwattr $C$DW$19, DW_AT_type(*$C$DW$T$21)
     232                    .dwattr $C$DW$19, DW_AT_location[DW_OP_reg12]
     233            $C$DW$20        .dwtag  DW_TAG_formal_parameter, DW_AT_name("offset")
     234                    .dwattr $C$DW$20, DW_AT_TI_symbol_name("offset")
     235                    .dwattr $C$DW$20, DW_AT_type(*$C$DW$T$27)
     236                    .dwattr $C$DW$20, DW_AT_location[DW_OP_reg13]
     237            
     238            ;*****************************************************************************
     239            ;* FUNCTION NAME: STREAM_TO_UINT32_f                                         *
     240            ;*                                                                           *
     241            ;*   Regs Modified     : SP,SR,r11,r12,r13,r14,r15                           *
     242            ;*   Regs Used         : SP,SR,r11,r12,r13,r14,r15                           *
     243            ;*   Local Frame Size  : 0 Args + 0 Auto + 0 Save = 0 byte                   *
     244            ;*****************************************************************************
     245            STREAM_TO_UINT32_f:
     246            ;* --------------------------------------------------------------------------*
     247            ;* r11   assigned to $O$C1
     248            ;* r12   assigned to p
     249            $C$DW$21        .dwtag  DW_TAG_variable, DW_AT_name("p")
     250                    .dwattr $C$DW$21, DW_AT_TI_symbol_name("p")
     251                    .dwattr $C$DW$21, DW_AT_type(*$C$DW$T$41)
     252                    .dwattr $C$DW$21, DW_AT_location[DW_OP_reg12]
     253            ;* r13   assigned to offset
     254            $C$DW$22        .dwtag  DW_TAG_variable, DW_AT_name("offset")
     255                    .dwattr $C$DW$22, DW_AT_TI_symbol_name("offset")
     256                    .dwattr $C$DW$22, DW_AT_type(*$C$DW$T$33)
     257                    .dwattr $C$DW$22, DW_AT_location[DW_OP_reg13]
     258                    .dwcfi  cfa_offset, 4
     259                    .dwcfi  save_reg_to_mem, 16, -4
     260                    .dwpsn  file "C:/ti/CC3000 SDK/MSP430FR5739/Basic WiFi Application/Basic WiFi Source/Source/CC
     261 000000 0DCB          MOVA      r13,r11               ; [] |150| 
     262 000002 5C0B          ADD.W     r12,r11               ; [] |150| 
     263 000004 4B5C          MOV.B     3(r11),r12            ; [] |150| 
         000006 0003 
     264 000008 430D          MOV.W     #0,r13                ; [] |150| 
     265            $C$DW$23        .dwtag  DW_TAG_TI_branch
     266                    .dwattr $C$DW$23, DW_AT_low_pc(0x00)
     267                    .dwattr $C$DW$23, DW_AT_name("L_LSL_8")
MSP430 Assembler PC v4.3.1 Wed Oct 01 17:43:57 2014

Tools Copyright (c) 2003-2014 Texas Instruments Incorporated
C:\Users\x0135533\AppData\Local\Temp\0762010                         PAGE    6

     268                    .dwattr $C$DW$23, DW_AT_TI_call
     269 00000a 13B0!         CALLA     #L_LSL_8              ; [] |150| 
         00000c 0000 
     270                                                      ; [] |150| 
     271 00000e 4B5F          MOV.B     2(r11),r15            ; [] |150| 
         000010 0002 
     272 000012 430E          MOV.W     #0,r14                ; [] |150| 
     273 000014 5F0C          ADD.W     r15,r12               ; [] |150| 
     274 000016 6E0D          ADDC.W    r14,r13               ; [] |150| 
     275            $C$DW$24        .dwtag  DW_TAG_TI_branch
     276                    .dwattr $C$DW$24, DW_AT_low_pc(0x00)
     277                    .dwattr $C$DW$24, DW_AT_name("L_LSL_8")
     278                    .dwattr $C$DW$24, DW_AT_TI_call
     279 000018 13B0!         CALLA     #L_LSL_8              ; [] |150| 
         00001a 0000 
     280                                                      ; [] |150| 
     281 00001c 4B5F          MOV.B     1(r11),r15            ; [] |150| 
         00001e 0001 
     282 000020 5F0C          ADD.W     r15,r12               ; [] |150| 
     283 000022 6E0D          ADDC.W    r14,r13               ; [] |150| 
     284            $C$DW$25        .dwtag  DW_TAG_TI_branch
     285                    .dwattr $C$DW$25, DW_AT_low_pc(0x00)
     286                    .dwattr $C$DW$25, DW_AT_name("L_LSL_8")
     287                    .dwattr $C$DW$25, DW_AT_TI_call
     288 000024 13B0!         CALLA     #L_LSL_8              ; [] |150| 
         000026 0000 
     289                                                      ; [] |150| 
     290 000028 4B6F          MOV.B     @r11,r15              ; [] |150| 
     291 00002a 5F0C          ADD.W     r15,r12               ; [] |150| 
     292 00002c 6E0D          ADDC.W    r14,r13               ; [] |150| 
     293            $C$DW$26        .dwtag  DW_TAG_TI_branch
     294                    .dwattr $C$DW$26, DW_AT_low_pc(0x00)
     295                    .dwattr $C$DW$26, DW_AT_TI_return
     296 00002e 0110          RETA      ; [] 
     297                    ; [] 
     298                    .dwattr $C$DW$18, DW_AT_TI_end_file("C:/ti/CC3000 SDK/MSP430FR5739/Basic WiFi Application/Basi
     299                    .dwattr $C$DW$18, DW_AT_TI_end_line(0x9a)
     300                    .dwattr $C$DW$18, DW_AT_TI_end_column(0x01)
     301                    .dwendentry
     302                    .dwendtag $C$DW$18
     303            
     304 000000               .sect   ".text:STREAM_TO_UINT16_f"
     305                    .align  2
     306                    .clink
     307                    .global STREAM_TO_UINT16_f
     308            
     309            $C$DW$27        .dwtag  DW_TAG_subprogram, DW_AT_name("STREAM_TO_UINT16_f")
     310                    .dwattr $C$DW$27, DW_AT_low_pc(STREAM_TO_UINT16_f)
     311                    .dwattr $C$DW$27, DW_AT_high_pc(0x00)
     312                    .dwattr $C$DW$27, DW_AT_TI_symbol_name("STREAM_TO_UINT16_f")
     313                    .dwattr $C$DW$27, DW_AT_external
     314                    .dwattr $C$DW$27, DW_AT_type(*$C$DW$T$27)
     315                    .dwattr $C$DW$27, DW_AT_TI_begin_file("C:/ti/CC3000 SDK/MSP430FR5739/Basic WiFi Application/Ba
     316                    .dwattr $C$DW$27, DW_AT_TI_begin_line(0x80)
     317                    .dwattr $C$DW$27, DW_AT_TI_begin_column(0x08)
MSP430 Assembler PC v4.3.1 Wed Oct 01 17:43:57 2014

Tools Copyright (c) 2003-2014 Texas Instruments Incorporated
C:\Users\x0135533\AppData\Local\Temp\0762010                         PAGE    7

     318                    .dwattr $C$DW$27, DW_AT_TI_max_frame_size(0x04)
     319                    .dwpsn  file "C:/ti/CC3000 SDK/MSP430FR5739/Basic WiFi Application/Basic WiFi Source/Source/CC
     320            
     321                    .dwfde $C$DW$CIE, STREAM_TO_UINT16_f
     322            $C$DW$28        .dwtag  DW_TAG_formal_parameter, DW_AT_name("p")
     323                    .dwattr $C$DW$28, DW_AT_TI_symbol_name("p")
     324                    .dwattr $C$DW$28, DW_AT_type(*$C$DW$T$21)
     325                    .dwattr $C$DW$28, DW_AT_location[DW_OP_reg12]
     326            $C$DW$29        .dwtag  DW_TAG_formal_parameter, DW_AT_name("offset")
     327                    .dwattr $C$DW$29, DW_AT_TI_symbol_name("offset")
     328                    .dwattr $C$DW$29, DW_AT_type(*$C$DW$T$27)
     329                    .dwattr $C$DW$29, DW_AT_location[DW_OP_reg13]
     330            
     331            ;*****************************************************************************
     332            ;* FUNCTION NAME: STREAM_TO_UINT16_f                                         *
     333            ;*                                                                           *
     334            ;*   Regs Modified     : SP,SR,r12,r15                                       *
     335            ;*   Regs Used         : SP,SR,r12,r13,r15                                   *
     336            ;*   Local Frame Size  : 0 Args + 0 Auto + 0 Save = 0 byte                   *
     337            ;*****************************************************************************
     338            STREAM_TO_UINT16_f:
     339            ;* --------------------------------------------------------------------------*
     340            ;* r12   assigned to $O$C1
     341            ;* r12   assigned to p
     342            $C$DW$30        .dwtag  DW_TAG_variable, DW_AT_name("p")
     343                    .dwattr $C$DW$30, DW_AT_TI_symbol_name("p")
     344                    .dwattr $C$DW$30, DW_AT_type(*$C$DW$T$41)
     345                    .dwattr $C$DW$30, DW_AT_location[DW_OP_reg12]
     346            ;* r13   assigned to offset
     347            $C$DW$31        .dwtag  DW_TAG_variable, DW_AT_name("offset")
     348                    .dwattr $C$DW$31, DW_AT_TI_symbol_name("offset")
     349                    .dwattr $C$DW$31, DW_AT_type(*$C$DW$T$33)
     350                    .dwattr $C$DW$31, DW_AT_location[DW_OP_reg13]
     351                    .dwcfi  cfa_offset, 4
     352                    .dwcfi  save_reg_to_mem, 16, -4
     353                    .dwpsn  file "C:/ti/CC3000 SDK/MSP430FR5739/Basic WiFi Application/Basic WiFi Source/Source/CC
     354 000000 5D0C          ADD.W     r13,r12               ; [] |130| 
     355 000002 4C5F          MOV.B     1(r12),r15            ; [] |130| 
         000004 0001 
     356 000006 1847          RPT #8 || RLAX.W r15 ; [] |130| 
         000008 5F0F 
     357 00000a 4C6C          MOV.B     @r12,r12              ; [] |130| 
     358 00000c 5F0C          ADD.W     r15,r12               ; [] |130| 
     359            $C$DW$32        .dwtag  DW_TAG_TI_branch
     360                    .dwattr $C$DW$32, DW_AT_low_pc(0x00)
     361                    .dwattr $C$DW$32, DW_AT_TI_return
     362 00000e 0110          RETA      ; [] 
     363                    ; [] 
     364                    .dwattr $C$DW$27, DW_AT_TI_end_file("C:/ti/CC3000 SDK/MSP430FR5739/Basic WiFi Application/Basi
     365                    .dwattr $C$DW$27, DW_AT_TI_end_line(0x84)
     366                    .dwattr $C$DW$27, DW_AT_TI_end_column(0x01)
     367                    .dwendentry
     368                    .dwendtag $C$DW$27
     369            
     370            ;*****************************************************************************
MSP430 Assembler PC v4.3.1 Wed Oct 01 17:43:57 2014

Tools Copyright (c) 2003-2014 Texas Instruments Incorporated
C:\Users\x0135533\AppData\Local\Temp\0762010                         PAGE    8

     371            ;* UNDEFINED EXTERNAL REFERENCES                                             *
     372            ;*****************************************************************************
     373                    .global L_LSR_8
     374                    .global L_LSL_8
     375            
     376            ;******************************************************************************
     377            ;* BUILD ATTRIBUTES                                                           *
     378            ;******************************************************************************
     379                    .battr "TI", Tag_File, 1, Tag_ABI_enum_size(3)
     380            
     381            ;******************************************************************************
     382            ;* TYPE INFORMATION                                                           *
     383            ;******************************************************************************
     384            $C$DW$T$2       .dwtag  DW_TAG_unspecified_type
     385                    .dwattr $C$DW$T$2, DW_AT_name("void")
     386            $C$DW$T$4       .dwtag  DW_TAG_base_type
     387                    .dwattr $C$DW$T$4, DW_AT_encoding(DW_ATE_boolean)
     388                    .dwattr $C$DW$T$4, DW_AT_name("bool")
     389                    .dwattr $C$DW$T$4, DW_AT_byte_size(0x01)
     390            $C$DW$T$5       .dwtag  DW_TAG_base_type
     391                    .dwattr $C$DW$T$5, DW_AT_encoding(DW_ATE_signed_char)
     392                    .dwattr $C$DW$T$5, DW_AT_name("signed char")
     393                    .dwattr $C$DW$T$5, DW_AT_byte_size(0x01)
     394            $C$DW$T$6       .dwtag  DW_TAG_base_type
     395                    .dwattr $C$DW$T$6, DW_AT_encoding(DW_ATE_unsigned_char)
     396                    .dwattr $C$DW$T$6, DW_AT_name("unsigned char")
     397                    .dwattr $C$DW$T$6, DW_AT_byte_size(0x01)
     398            $C$DW$T$24      .dwtag  DW_TAG_typedef, DW_AT_name("UINT8")
     399                    .dwattr $C$DW$T$24, DW_AT_type(*$C$DW$T$6)
     400                    .dwattr $C$DW$T$24, DW_AT_language(DW_LANG_C)
     401            $C$DW$T$25      .dwtag  DW_TAG_pointer_type
     402                    .dwattr $C$DW$T$25, DW_AT_type(*$C$DW$T$24)
     403                    .dwattr $C$DW$T$25, DW_AT_address_class(0x10)
     404            $C$DW$T$7       .dwtag  DW_TAG_base_type
     405                    .dwattr $C$DW$T$7, DW_AT_encoding(DW_ATE_signed_char)
     406                    .dwattr $C$DW$T$7, DW_AT_name("wchar_t")
     407                    .dwattr $C$DW$T$7, DW_AT_byte_size(0x02)
     408            $C$DW$T$8       .dwtag  DW_TAG_base_type
     409                    .dwattr $C$DW$T$8, DW_AT_encoding(DW_ATE_signed)
     410                    .dwattr $C$DW$T$8, DW_AT_name("short")
     411                    .dwattr $C$DW$T$8, DW_AT_byte_size(0x02)
     412            $C$DW$T$9       .dwtag  DW_TAG_base_type
     413                    .dwattr $C$DW$T$9, DW_AT_encoding(DW_ATE_unsigned)
     414                    .dwattr $C$DW$T$9, DW_AT_name("unsigned short")
     415                    .dwattr $C$DW$T$9, DW_AT_byte_size(0x02)
     416            $C$DW$T$27      .dwtag  DW_TAG_typedef, DW_AT_name("UINT16")
     417                    .dwattr $C$DW$T$27, DW_AT_type(*$C$DW$T$9)
     418                    .dwattr $C$DW$T$27, DW_AT_language(DW_LANG_C)
     419            $C$DW$T$33      .dwtag  DW_TAG_const_type
     420                    .dwattr $C$DW$T$33, DW_AT_type(*$C$DW$T$27)
     421            $C$DW$T$10      .dwtag  DW_TAG_base_type
     422                    .dwattr $C$DW$T$10, DW_AT_encoding(DW_ATE_signed)
     423                    .dwattr $C$DW$T$10, DW_AT_name("int")
     424                    .dwattr $C$DW$T$10, DW_AT_byte_size(0x02)
     425            $C$DW$T$11      .dwtag  DW_TAG_base_type
MSP430 Assembler PC v4.3.1 Wed Oct 01 17:43:57 2014

Tools Copyright (c) 2003-2014 Texas Instruments Incorporated
C:\Users\x0135533\AppData\Local\Temp\0762010                         PAGE    9

     426                    .dwattr $C$DW$T$11, DW_AT_encoding(DW_ATE_unsigned)
     427                    .dwattr $C$DW$T$11, DW_AT_name("unsigned int")
     428                    .dwattr $C$DW$T$11, DW_AT_byte_size(0x02)
     429            $C$DW$T$12      .dwtag  DW_TAG_base_type
     430                    .dwattr $C$DW$T$12, DW_AT_encoding(DW_ATE_signed)
     431                    .dwattr $C$DW$T$12, DW_AT_name("long")
     432                    .dwattr $C$DW$T$12, DW_AT_byte_size(0x04)
     433            $C$DW$T$13      .dwtag  DW_TAG_base_type
     434                    .dwattr $C$DW$T$13, DW_AT_encoding(DW_ATE_unsigned)
     435                    .dwattr $C$DW$T$13, DW_AT_name("unsigned long")
     436                    .dwattr $C$DW$T$13, DW_AT_byte_size(0x04)
     437            $C$DW$T$22      .dwtag  DW_TAG_typedef, DW_AT_name("UINT32")
     438                    .dwattr $C$DW$T$22, DW_AT_type(*$C$DW$T$13)
     439                    .dwattr $C$DW$T$22, DW_AT_language(DW_LANG_C)
     440            $C$DW$T$37      .dwtag  DW_TAG_const_type
     441                    .dwattr $C$DW$T$37, DW_AT_type(*$C$DW$T$22)
     442            $C$DW$T$14      .dwtag  DW_TAG_base_type
     443                    .dwattr $C$DW$T$14, DW_AT_encoding(DW_ATE_signed)
     444                    .dwattr $C$DW$T$14, DW_AT_name("long long")
     445                    .dwattr $C$DW$T$14, DW_AT_byte_size(0x08)
     446            $C$DW$T$15      .dwtag  DW_TAG_base_type
     447                    .dwattr $C$DW$T$15, DW_AT_encoding(DW_ATE_unsigned)
     448                    .dwattr $C$DW$T$15, DW_AT_name("unsigned long long")
     449                    .dwattr $C$DW$T$15, DW_AT_byte_size(0x08)
     450            $C$DW$T$16      .dwtag  DW_TAG_base_type
     451                    .dwattr $C$DW$T$16, DW_AT_encoding(DW_ATE_float)
     452                    .dwattr $C$DW$T$16, DW_AT_name("float")
     453                    .dwattr $C$DW$T$16, DW_AT_byte_size(0x04)
     454            $C$DW$T$17      .dwtag  DW_TAG_base_type
     455                    .dwattr $C$DW$T$17, DW_AT_encoding(DW_ATE_float)
     456                    .dwattr $C$DW$T$17, DW_AT_name("double")
     457                    .dwattr $C$DW$T$17, DW_AT_byte_size(0x04)
     458            $C$DW$T$18      .dwtag  DW_TAG_base_type
     459                    .dwattr $C$DW$T$18, DW_AT_encoding(DW_ATE_float)
     460                    .dwattr $C$DW$T$18, DW_AT_name("long double")
     461                    .dwattr $C$DW$T$18, DW_AT_byte_size(0x04)
     462            $C$DW$T$20      .dwtag  DW_TAG_typedef, DW_AT_name("CHAR")
     463                    .dwattr $C$DW$T$20, DW_AT_type(*$C$DW$T$6)
     464                    .dwattr $C$DW$T$20, DW_AT_language(DW_LANG_C)
     465            $C$DW$T$21      .dwtag  DW_TAG_pointer_type
     466                    .dwattr $C$DW$T$21, DW_AT_type(*$C$DW$T$20)
     467                    .dwattr $C$DW$T$21, DW_AT_address_class(0x10)
     468            $C$DW$T$41      .dwtag  DW_TAG_const_type
     469                    .dwattr $C$DW$T$41, DW_AT_type(*$C$DW$T$21)
     470                    .dwattr $C$DW$CU, DW_AT_language(DW_LANG_C)
     471            
     472            ;***************************************************************
     473            ;* DWARF CIE ENTRIES                                           *
     474            ;***************************************************************
     475            
     476            $C$DW$CIE       .dwcie 16
     477                    .dwcfi  cfa_register, 1
     478                    .dwcfi  cfa_offset, 0
     479                    .dwcfi  same_value, 0
     480                    .dwcfi  same_value, 1
MSP430 Assembler PC v4.3.1 Wed Oct 01 17:43:57 2014

Tools Copyright (c) 2003-2014 Texas Instruments Incorporated
C:\Users\x0135533\AppData\Local\Temp\0762010                         PAGE   10

     481                    .dwcfi  undefined, 2
     482                    .dwcfi  same_value, 3
     483                    .dwcfi  same_value, 4
     484                    .dwcfi  same_value, 5
     485                    .dwcfi  same_value, 6
     486                    .dwcfi  same_value, 7
     487                    .dwcfi  same_value, 8
     488                    .dwcfi  same_value, 9
     489                    .dwcfi  same_value, 10
     490                    .dwcfi  undefined, 11
     491                    .dwcfi  undefined, 12
     492                    .dwcfi  undefined, 13
     493                    .dwcfi  undefined, 14
     494                    .dwcfi  undefined, 15
     495                    .dwcfi  undefined, 16
     496                    .dwendentry
     497            
     498            ;***************************************************************
     499            ;* DWARF REGISTER MAP                                          *
     500            ;***************************************************************
     501            
     502            $C$DW$33        .dwtag  DW_TAG_TI_assign_register, DW_AT_name("PC")
     503                    .dwattr $C$DW$33, DW_AT_location[DW_OP_reg0]
     504            $C$DW$34        .dwtag  DW_TAG_TI_assign_register, DW_AT_name("SP")
     505                    .dwattr $C$DW$34, DW_AT_location[DW_OP_reg1]
     506            $C$DW$35        .dwtag  DW_TAG_TI_assign_register, DW_AT_name("SR")
     507                    .dwattr $C$DW$35, DW_AT_location[DW_OP_reg2]
     508            $C$DW$36        .dwtag  DW_TAG_TI_assign_register, DW_AT_name("CG")
     509                    .dwattr $C$DW$36, DW_AT_location[DW_OP_reg3]
     510            $C$DW$37        .dwtag  DW_TAG_TI_assign_register, DW_AT_name("r4")
     511                    .dwattr $C$DW$37, DW_AT_location[DW_OP_reg4]
     512            $C$DW$38        .dwtag  DW_TAG_TI_assign_register, DW_AT_name("r5")
     513                    .dwattr $C$DW$38, DW_AT_location[DW_OP_reg5]
     514            $C$DW$39        .dwtag  DW_TAG_TI_assign_register, DW_AT_name("r6")
     515                    .dwattr $C$DW$39, DW_AT_location[DW_OP_reg6]
     516            $C$DW$40        .dwtag  DW_TAG_TI_assign_register, DW_AT_name("r7")
     517                    .dwattr $C$DW$40, DW_AT_location[DW_OP_reg7]
     518            $C$DW$41        .dwtag  DW_TAG_TI_assign_register, DW_AT_name("r8")
     519                    .dwattr $C$DW$41, DW_AT_location[DW_OP_reg8]
     520            $C$DW$42        .dwtag  DW_TAG_TI_assign_register, DW_AT_name("r9")
     521                    .dwattr $C$DW$42, DW_AT_location[DW_OP_reg9]
     522            $C$DW$43        .dwtag  DW_TAG_TI_assign_register, DW_AT_name("r10")
     523                    .dwattr $C$DW$43, DW_AT_location[DW_OP_reg10]
     524            $C$DW$44        .dwtag  DW_TAG_TI_assign_register, DW_AT_name("r11")
     525                    .dwattr $C$DW$44, DW_AT_location[DW_OP_reg11]
     526            $C$DW$45        .dwtag  DW_TAG_TI_assign_register, DW_AT_name("r12")
     527                    .dwattr $C$DW$45, DW_AT_location[DW_OP_reg12]
     528            $C$DW$46        .dwtag  DW_TAG_TI_assign_register, DW_AT_name("r13")
     529                    .dwattr $C$DW$46, DW_AT_location[DW_OP_reg13]
     530            $C$DW$47        .dwtag  DW_TAG_TI_assign_register, DW_AT_name("r14")
     531                    .dwattr $C$DW$47, DW_AT_location[DW_OP_reg14]
     532            $C$DW$48        .dwtag  DW_TAG_TI_assign_register, DW_AT_name("r15")
     533                    .dwattr $C$DW$48, DW_AT_location[DW_OP_reg15]
     534            $C$DW$49        .dwtag  DW_TAG_TI_assign_register, DW_AT_name("CIE_RETA")
     535                    .dwattr $C$DW$49, DW_AT_location[DW_OP_reg16]
MSP430 Assembler PC v4.3.1 Wed Oct 01 17:43:57 2014

Tools Copyright (c) 2003-2014 Texas Instruments Incorporated
C:\Users\x0135533\AppData\Local\Temp\0762010                         PAGE   11

     536                    .dwendtag $C$DW$CU
     537            

No Assembly Errors, No Assembly Warnings
